GROUP,PACKAGE,CLASS,INSTRUCTION_MISSED,INSTRUCTION_COVERED,BRANCH_MISSED,BRANCH_COVERED,LINE_MISSED,LINE_COVERED,COMPLEXITY_MISSED,COMPLEXITY_COVERED,METHOD_MISSED,METHOD_COVERED
OpenWMS.org CORE: Administration UI,org.openwms.core.admin.app,AdminSecurityConfiguration,0,148,0,0,0,25,0,7,0,7
OpenWMS.org CORE: Administration UI,org.openwms.core.admin.app,AdminOtlpConfiguration.OtelConfiguration,8,0,0,0,2,0,2,0,2,0
OpenWMS.org CORE: Administration UI,org.openwms.core.admin.app,AdminOtlpConfiguration,3,0,0,0,1,0,1,0,1,0
OpenWMS.org CORE: Administration UI,org.openwms.core.admin,AdminStarter,5,3,0,0,2,1,1,1,1,1
